      Step     Time          Energy         fmax
BFGS:    0 11:25:52     -859.290440        2.8781
BFGS:    1 11:32:47     -859.553787        2.0281
BFGS:    2 11:39:42     -859.723459        1.2715
BFGS:    3 11:46:15     -859.828323        0.7182
BFGS:    4 11:52:25     -859.891343        0.6924
BFGS:    5 11:58:35     -859.934738        0.5330
BFGS:    6 12:04:46     -859.966235        0.3015
BFGS:    7 12:09:27     -859.981401        0.1826
BFGS:    8 12:14:31     -859.995694        0.1757
BFGS:    9 12:19:35     -860.005701        0.1915
BFGS:   10 12:25:00     -860.014760        0.1471
BFGS:   11 12:30:04     -860.022343        0.1625
BFGS:   12 12:34:24     -860.027905        0.1432
BFGS:   13 12:40:11     -860.033939        0.1399
BFGS:   14 12:44:08     -860.036176        0.0897
BFGS:   15 12:48:05     -860.039191        0.0708
BFGS:   16 12:52:01     -860.040408        0.0597
BFGS:   17 12:55:36     -860.041679        0.0447
BFGS:   18 12:59:33     -860.042369        0.0395
BFGS:   19 13:02:46     -860.042771        0.0476
BFGS:   20 13:06:20     -860.043316        0.0466
BFGS:   21 13:09:33     -860.043693        0.0417
BFGS:   22 13:13:07     -860.044258        0.0544
BFGS:   23 13:16:42     -860.044788        0.0779
BFGS:   24 13:23:13     -860.040328        0.1700
BFGS:   25 13:29:02     -860.046234        0.1038
BFGS:   26 13:32:36     -860.046683        0.1002
BFGS:   27 13:36:11     -860.048204        0.0812
BFGS:   28 13:40:08     -860.049855        0.0595
BFGS:   29 13:44:49     -860.051612        0.0626
BFGS:   30 13:48:23     -860.051914        0.0588
BFGS:   31 13:51:58     -860.052686        0.0543
BFGS:   32 13:55:55     -860.054170        0.0410
BFGS:   33 13:58:45     -860.054712        0.0504
BFGS:   34 14:05:39     -860.040347        0.2720
BFGS:   35 14:12:13     -860.055671        0.1683
BFGS:   36 14:16:54     -860.056901        0.0897
BFGS:   37 14:20:07     -860.057207        0.0521
BFGS:   38 14:23:20     -860.057719        0.0609
BFGS:   39 14:27:17     -860.057910        0.0679
BFGS:   40 14:30:30     -860.058427        0.0651
BFGS:   41 14:34:05     -860.058959        0.0388
BFGS:   42 14:36:56     -860.059194        0.0486
BFGS:   43 14:42:45     -860.055581        0.4707
BFGS:   44 14:48:32     -860.057412        0.3033
BFGS:   45 14:53:14     -860.059996        0.0631
BFGS:   46 14:55:19     -860.060233        0.0490
BFGS:   47 15:01:07     -860.049585        0.5535
BFGS:   48 15:06:10     -860.060319        0.1811
BFGS:   49 15:10:07     -860.060955        0.0570
BFGS:   50 15:13:19     -860.061093        0.0307
BFGS:   51 15:16:55     -860.061225        0.0432
BFGS:   52 15:19:23     -860.061364        0.0414
BFGS:   53 15:22:57     -860.061221        0.1243
BFGS:   54 15:26:54     -860.061512        0.0688
BFGS:   55 15:30:29     -860.061777        0.0210
BFGS:   56 15:33:19     -860.061861        0.0270
BFGS:   57 15:40:36     -860.048678        0.3624
BFGS:   58 15:46:46     -860.061994        0.0396
BFGS:   59 15:49:59     -860.062057        0.0235
BFGS:   60 15:52:49     -860.062059        0.0489
BFGS:   61 15:55:39     -860.062082        0.0468
BFGS:   62 15:59:36     -860.061748        0.0294
BFGS:   63 16:02:48     -860.062176        0.0262
BFGS:   64 16:05:38     -860.062154        0.0240
BFGS:   65 16:12:11     -860.046644        0.2878
BFGS:   66 16:17:58     -860.062202        0.0528
BFGS:   67 16:21:33     -860.062006        0.0297
BFGS:   68 16:24:01     -860.062191        0.0430
BFGS:   69 16:27:36     -860.062244        0.0305
BFGS:   70 16:30:04     -860.062312        0.0431
BFGS:   71 16:33:17     -860.062211        0.0337
BFGS:   72 16:35:45     -860.062325        0.0518
BFGS:   73 16:42:40     -859.999159        1.1548
BFGS:   74 16:49:13     -860.060504        0.2531
BFGS:   75 16:53:09     -860.061895        0.0480
BFGS:   76 16:55:59     -860.062057        0.0479
BFGS:   77 17:00:41     -860.060095        0.1433
BFGS:   78 17:05:01     -860.062237        0.0282
BFGS:   79 17:06:22     -860.062209        0.0388
BFGS:   80 17:09:56     -860.061717        0.0566
BFGS:   81 17:13:09     -860.062126        0.0171
BFGS:   82 17:14:31     -860.062320        0.0251
BFGS:   83 17:17:43     -860.062375        0.0293
BFGS:   84 17:20:11     -860.062435        0.0252
BFGS:   85 17:24:08     -860.061147        0.1787
BFGS:   86 17:28:06     -860.062476        0.0196
BFGS:   87 17:29:27     -860.062496        0.0269
BFGS:   88 17:35:15     -860.049497        0.3750
BFGS:   89 17:40:41     -860.062424        0.0148
BFGS:   90 17:42:47     -860.062493        0.0143
BFGS:   91 17:46:43     -860.060740        0.1364
BFGS:   92 17:51:02     -860.062600        0.0160
BFGS:   93 17:52:24     -860.062542        0.0208
BFGS:   94 17:54:30     -860.062486        0.0119
BFGS:   95 17:56:36     -860.062381        0.0272
BFGS:   96 18:00:10     -860.061403        0.0576
BFGS:   97 18:04:08     -860.062352        0.0208
BFGS:   98 18:07:20     -860.062455        0.0139
BFGS:   99 18:10:10     -860.062531        0.0147
      Step     Time          Energy         fmax
BFGS:    0 18:17:04     -860.018865        0.4590
BFGS:    1 18:22:08     -860.036103        0.3133
BFGS:    2 18:27:34     -860.049858        0.1416
BFGS:    3 18:32:15     -860.053478        0.1374
BFGS:    4 18:36:12     -860.056917        0.0696
BFGS:    5 18:39:47     -860.058448        0.0460
BFGS:    6 18:43:21     -860.060101        0.0556
BFGS:    7 18:46:56     -860.060805        0.0430
BFGS:    8 18:50:30     -860.061336        0.0310
BFGS:    9 18:53:43     -860.061501        0.0257
BFGS:   10 18:56:55     -860.061714        0.0236
BFGS:   11 19:00:08     -860.061805        0.0232
BFGS:   12 19:03:20     -860.061908        0.0163
BFGS:   13 19:06:33     -860.062026        0.0252
BFGS:   14 19:09:23     -860.062192        0.0200
BFGS:   15 19:15:11     -860.049736        0.1778
BFGS:   16 19:20:36     -860.062393        0.0248
BFGS:   17 19:23:04     -860.062309        0.0217
BFGS:   18 19:26:17     -860.062007        0.0221
BFGS:   19 19:29:07     -860.062234        0.0199
BFGS:   20 19:33:26     -860.062181        0.0191
BFGS:   21 19:37:00     -860.062479        0.0117
BFGS:   22 19:39:06     -860.062503        0.0216
BFGS:   23 19:41:35     -860.062521        0.0124
BFGS:   24 19:44:47     -860.062514        0.0307
BFGS:   25 19:47:15     -860.062527        0.0257
BFGS:   26 19:52:40     -860.057664        0.1870
BFGS:   27 19:57:45     -860.062497        0.0153
BFGS:   28 20:00:57     -860.062551        0.0082
