      Step     Time          Energy         fmax
BFGS:    0 11:13:33     -839.681693       32.1274
BFGS:    1 11:26:00     -842.445539       21.5334
BFGS:    2 11:39:28     -843.830043       20.2857
BFGS:    3 11:50:22     -845.837451       14.9164
BFGS:    4 12:00:41     -846.802312       12.3052
BFGS:    5 12:10:57     -847.651124       10.8180
BFGS:    6 12:22:45     -848.300195        9.2090
BFGS:    7 12:33:33     -848.846640        8.0039
BFGS:    8 12:43:21     -849.323554        6.9700
BFGS:    9 12:53:40     -849.751933        6.1534
BFGS:   10 13:04:28     -850.201639        5.1675
BFGS:   11 13:15:16     -850.646920        4.3827
BFGS:   12 13:25:04     -851.071853        3.5062
BFGS:   13 13:34:49     -851.442153        2.8342
BFGS:   14 13:44:32     -851.746104        2.2236
BFGS:   15 13:54:21     -851.986569        1.9019
BFGS:   16 14:03:41     -852.177135        1.9779
BFGS:   17 14:12:57     -852.328231        2.1711
BFGS:   18 14:21:45     -852.449671        2.4621
BFGS:   19 14:31:01     -852.550269        2.7965
BFGS:   20 14:40:17     -852.635687        3.0814
BFGS:   21 14:49:33     -852.709854        3.2286
BFGS:   22 14:59:19     -852.776565        3.1861
BFGS:   23 15:09:02     -852.840115        2.9282
BFGS:   24 15:18:47     -852.904891        2.4619
BFGS:   25 15:28:02     -852.974696        1.8780
BFGS:   26 15:36:46     -853.050750        1.4009
BFGS:   27 15:45:58     -853.132477        1.4609
BFGS:   28 15:55:16     -853.220823        1.4975
BFGS:   29 16:04:35     -853.322156        1.5119
BFGS:   30 16:14:55     -853.451536        1.8402
BFGS:   31 16:25:15     -853.619481        2.5415
BFGS:   32 16:34:33     -853.766736        2.9453
BFGS:   33 16:43:17     -853.914007        3.2523
BFGS:   34 16:52:32     -854.093953        3.5675
BFGS:   35 17:01:46     -854.314748        3.8315
BFGS:   36 17:11:05     -854.557595        4.0482
BFGS:   37 17:20:22     -854.817415        4.1371
BFGS:   38 17:29:39     -855.109210        4.0528
BFGS:   39 17:39:29     -855.427739        3.6568
BFGS:   40 17:49:46     -855.723532        3.0783
BFGS:   41 17:59:35     -855.979280        2.3986
BFGS:   42 18:08:53     -856.183203        1.9950
BFGS:   43 18:17:09     -856.334392        2.1235
BFGS:   44 18:25:26     -856.450103        2.1053
BFGS:   45 18:34:10     -856.546533        1.9807
BFGS:   46 18:42:20     -856.636082        1.7608
BFGS:   47 18:51:05     -856.727391        1.4844
BFGS:   48 18:59:54     -856.816982        1.4237
BFGS:   49 19:09:12     -856.899473        1.4119
BFGS:   50 19:18:28     -856.970752        1.3676
BFGS:   51 19:27:45     -857.036090        1.3009
BFGS:   52 19:36:28     -857.099834        1.2367
BFGS:   53 19:45:12     -857.163433        1.1701
BFGS:   54 19:53:26     -857.223424        1.1060
BFGS:   55 20:01:40     -857.280941        1.0292
BFGS:   56 20:09:53     -857.337869        0.9436
BFGS:   57 20:18:07     -857.395146        0.8774
BFGS:   58 20:26:21     -857.451805        0.8099
BFGS:   59 20:34:37     -857.507747        0.7449
BFGS:   60 20:42:50     -857.564730        0.7104
BFGS:   61 20:51:06     -857.624368        0.6833
BFGS:   62 20:59:19     -857.684311        0.6602
BFGS:   63 21:07:34     -857.743083        0.6314
BFGS:   64 21:15:47     -857.798899        0.6422
BFGS:   65 21:24:29     -857.853992        0.6761
BFGS:   66 21:33:49     -857.907909        0.6611
BFGS:   67 21:43:36     -857.959551        0.6311
BFGS:   68 21:54:00     -858.004165        0.6499
BFGS:   69 22:03:18     -858.039520        0.6095
BFGS:   70 22:13:06     -858.064537        0.5947
BFGS:   71 22:22:23     -858.082888        0.6040
BFGS:   72 22:32:40     -858.092740        0.6468
BFGS:   73 22:41:55     -858.096309        0.5830
BFGS:   74 22:51:10     -858.099025        0.4912
BFGS:   75 22:59:57     -858.116821        0.5425
BFGS:   76 23:08:08     -858.155747        0.6204
BFGS:   77 23:16:17     -858.207715        0.5834
BFGS:   78 23:25:27     -858.202707        0.4191
BFGS:   79 23:34:12     -858.185491        0.3566
BFGS:   80 23:42:27     -858.169622        0.4053
BFGS:   81 23:51:11     -858.154515        0.3903
BFGS:   82 00:00:26     -858.136515        0.3297
BFGS:   83 00:11:14     -858.117104        0.4550
BFGS:   84 00:20:28     -858.098261        0.4197
BFGS:   85 00:29:14     -858.077483        0.3663
BFGS:   86 00:37:59     -858.037161        0.4857
BFGS:   87 00:46:40     -858.001968        0.6431
BFGS:   88 00:55:22     -857.971728        0.8256
BFGS:   89 01:04:35     -857.950869        1.0241
BFGS:   90 01:14:51     -857.944609        1.1937
BFGS:   91 01:24:33     -857.975532        1.0974
BFGS:   92 01:33:17     -857.981940        0.8239
BFGS:   93 01:43:32     -857.973879        0.6381
BFGS:   94 01:52:48     -857.983485        0.7440
BFGS:   95 02:01:02     -857.982432        0.3744
BFGS:   96 02:08:42     -857.989627        0.3073
BFGS:   97 02:16:57     -857.993030        0.2811
BFGS:   98 02:24:05     -857.994795        0.3004
BFGS:   99 02:30:42     -857.993764        0.2615
BFGS:  100 02:38:56     -857.992851        0.2737
BFGS:  101 02:45:35     -857.991243        0.2436
BFGS:  102 02:52:41     -857.990343        0.1610
BFGS:  103 02:58:47     -857.990934        0.1475
BFGS:  104 03:07:31     -857.989281        0.1713
BFGS:  105 03:13:07     -857.990162        0.1638
BFGS:  106 03:21:20     -857.988961        0.1672
BFGS:  107 03:27:28     -857.986644        0.1451
BFGS:  108 03:34:38     -857.981645        0.1671
BFGS:  109 03:42:16     -857.976923        0.1118
BFGS:  110 03:49:24     -857.970337        0.1220
BFGS:  111 03:57:35     -857.962846        0.1480
BFGS:  112 04:05:16     -857.955243        0.1559
BFGS:  113 04:12:22     -857.950035        0.2645
BFGS:  114 04:20:03     -857.944137        0.1517
BFGS:  115 04:27:14     -857.943803        0.1600
BFGS:  116 04:34:24     -857.939964        0.1776
BFGS:  117 04:42:35     -857.938886        0.2122
BFGS:  118 04:50:44     -857.933803        0.1702
BFGS:  119 04:57:55     -857.929578        0.2377
BFGS:  120 05:06:01     -857.925849        0.1771
BFGS:  121 05:13:06     -857.923029        0.2672
BFGS:  122 05:20:50     -857.922703        0.1743
BFGS:  123 05:27:53     -857.923303        0.1949
BFGS:  124 05:35:02     -857.927031        0.1796
BFGS:  125 05:42:43     -857.931046        0.1411
BFGS:  126 05:50:24     -857.936259        0.1840
BFGS:  127 05:59:07     -857.944881        0.3366
BFGS:  128 06:06:48     -857.951242        0.1988
BFGS:  129 06:16:00     -857.961422        0.2288
BFGS:  130 06:24:42     -857.975428        0.3591
BFGS:  131 06:32:55     -857.988385        0.3709
BFGS:  132 06:40:03     -857.991664        0.1809
BFGS:  133 06:48:17     -858.003608        0.1775
BFGS:  134 06:56:29     -858.017461        0.1454
BFGS:  135 07:05:46     -858.030795        0.1528
BFGS:  136 07:13:56     -858.035684        0.1576
BFGS:  137 07:21:37     -858.039561        0.1435
BFGS:  138 07:29:15     -858.044302        0.1343
BFGS:  139 07:37:57     -858.049262        0.1423
BFGS:  140 07:46:08     -858.052893        0.0902
BFGS:  141 07:53:16     -858.055454        0.0839
BFGS:  142 07:59:22     -858.056059        0.0909
BFGS:  143 08:08:36     -858.055306        0.0877
BFGS:  144 08:13:43     -858.056553        0.0680
BFGS:  145 08:21:55     -858.058663        0.0787
BFGS:  146 08:28:34     -858.060276        0.0729
BFGS:  147 08:34:44     -858.062539        0.0626
BFGS:  148 08:40:21     -858.066935        0.0676
BFGS:  149 08:45:56     -858.069184        0.0442
      Step     Time          Energy         fmax
BFGS:    0 08:45:57     -858.069184        0.8982
BFGS:    1 08:51:30     -858.067242        0.9211
BFGS:    2 08:58:39     -858.055783        0.9257
BFGS:    3 09:06:19     -858.039978        0.9083
BFGS:    4 09:13:00     -858.020122        0.9396
BFGS:    5 09:20:07     -857.994973        0.9108
BFGS:    6 09:26:46     -857.965200        0.9278
BFGS:    7 09:33:55     -857.929569        0.9295
BFGS:    8 09:41:05     -857.888958        1.0114
BFGS:    9 09:48:12     -857.844223        1.1008
BFGS:   10 09:55:19     -857.796228        1.2117
BFGS:   11 10:01:25     -857.745731        1.2393
BFGS:   12 10:09:39     -857.690766        1.3776
BFGS:   13 10:17:20     -857.631687        1.4176
BFGS:   14 10:23:29     -857.567570        1.4659
BFGS:   15 10:30:37     -857.500297        1.5925
BFGS:   16 10:38:48     -857.436930        1.5883
BFGS:   17 10:47:59     -857.374261        1.6039
BFGS:   18 10:56:43     -857.311654        1.5864
BFGS:   19 11:04:54     -857.247570        1.5757
BFGS:   20 11:13:37     -857.182927        1.5663
BFGS:   21 11:22:16     -857.119205        1.6082
BFGS:   22 11:31:36     -857.060774        1.6194
BFGS:   23 11:40:19     -857.005018        1.6008
BFGS:   24 11:49:04     -856.949737        1.5910
BFGS:   25 11:58:16     -856.895518        1.5793
BFGS:   26 12:07:33     -856.843523        1.6032
BFGS:   27 12:16:20     -856.797149        1.5972
BFGS:   28 12:26:06     -856.753699        1.5908
BFGS:   29 12:34:48     -856.711800        1.5365
BFGS:   30 12:42:30     -856.669358        1.5364
BFGS:   31 12:50:44     -856.630020        1.5198
BFGS:   32 13:00:26     -856.593838        1.5602
BFGS:   33 13:09:07     -856.562650        1.4726
BFGS:   34 13:17:16     -856.529678        1.4983
BFGS:   35 13:25:59     -856.498936        1.3988
BFGS:   36 13:34:41     -856.466383        1.4981
BFGS:   37 13:42:51     -856.435519        1.5117
BFGS:   38 13:51:03     -856.406163        1.5238
BFGS:   39 13:57:42     -856.376895        1.4580
BFGS:   40 14:06:58     -856.346597        1.5324
BFGS:   41 14:15:09     -856.315493        1.5149
BFGS:   42 14:23:21     -856.284323        1.5271
BFGS:   43 14:31:34     -856.254067        1.5835
BFGS:   44 14:38:43     -856.224034        1.5674
BFGS:   45 14:46:59     -856.192686        1.5883
BFGS:   46 14:55:12     -856.159376        1.6412
BFGS:   47 15:03:23     -856.124926        1.7081
BFGS:   48 15:11:35     -856.090514        1.7817
BFGS:   49 15:19:48     -856.056601        1.8625
BFGS:   50 15:27:29     -856.021416        1.9687
BFGS:   51 15:35:08     -855.983795        2.0887
BFGS:   52 15:42:11     -855.944198        2.2093
BFGS:   53 15:48:49     -855.903027        2.3183
BFGS:   54 15:55:59     -855.860932        2.4441
BFGS:   55 16:03:39     -855.817493        2.5780
BFGS:   56 16:12:20     -855.770910        2.7273
BFGS:   57 16:19:29     -855.720664        2.8816
BFGS:   58 16:26:38     -855.666779        3.0336
BFGS:   59 16:37:15     -855.610182        3.1760
BFGS:   60 16:46:50     -855.550533        3.3272
BFGS:   61 16:54:30     -855.488270        3.4769
slurmstepd: error: *** JOB 4432486 ON s84n22 CANCELLED AT 2020-02-28T17:01:15 ***
