      Step     Time          Energy         fmax
BFGS:    0 21:40:07     -970.632426        0.6917
BFGS:    1 21:53:37     -970.662708        0.2918
BFGS:    2 22:08:57     -970.700440        0.4445
BFGS:    3 22:22:25     -970.729574        0.2895
BFGS:    4 22:34:01     -970.741399        0.1896
BFGS:    5 22:45:37     -970.752412        0.1995
BFGS:    6 22:59:05     -970.764781        0.2997
BFGS:    7 23:10:41     -970.777395        0.3114
BFGS:    8 23:21:19     -970.788138        0.2035
BFGS:    9 23:32:54     -970.800838        0.1358
BFGS:   10 23:43:33     -970.806422        0.1406
BFGS:   11 23:57:57     -970.815614        0.1852
BFGS:   12 00:08:36     -970.822381        0.1187
BFGS:   13 00:20:10     -970.830366        0.1290
BFGS:   14 00:33:37     -970.834243        0.1596
BFGS:   15 00:48:01     -970.838508        0.1461
BFGS:   16 00:58:41     -970.841207        0.0980
BFGS:   17 01:09:20     -970.845695        0.1047
BFGS:   18 01:19:59     -970.848778        0.1090
BFGS:   19 01:31:35     -970.853209        0.1040
BFGS:   20 01:42:14     -970.856337        0.0820
BFGS:   21 01:54:44     -970.860828        0.0848
BFGS:   22 02:06:19     -970.862535        0.0964
BFGS:   23 02:16:01     -970.864390        0.0739
BFGS:   24 02:25:43     -970.866154        0.0419
BFGS:   25 02:34:29     -970.867262        0.0486
BFGS:   26 02:45:08     -970.868432        0.0502
BFGS:   27 02:53:53     -970.869254        0.0578
BFGS:   28 03:03:36     -970.869883        0.0622
BFGS:   29 03:14:15     -970.870876        0.0694
BFGS:   30 03:23:01     -970.871456        0.0649
BFGS:   31 03:33:39     -970.872539        0.0562
BFGS:   32 03:42:25     -970.873295        0.0571
BFGS:   33 03:54:55     -970.872826        0.1334
BFGS:   34 04:06:31     -970.874855        0.0753
BFGS:   35 04:16:13     -970.875463        0.0621
BFGS:   36 04:25:00     -970.876515        0.0400
BFGS:   37 04:35:38     -970.877705        0.0366
BFGS:   38 04:44:25     -970.878304        0.0448
BFGS:   39 04:53:11     -970.879060        0.0560
BFGS:   40 05:00:06     -970.879647        0.0351
BFGS:   41 05:10:44     -970.880099        0.0475
BFGS:   42 05:17:39     -970.880455        0.0437
BFGS:   43 05:28:17     -970.881222        0.0339
BFGS:   44 05:37:03     -970.881546        0.0336
BFGS:   45 05:45:50     -970.882185        0.0310
BFGS:   46 05:56:30     -970.883145        0.0496
BFGS:   47 06:04:20     -970.883599        0.0452
BFGS:   48 06:16:52     -970.884329        0.0677
BFGS:   49 06:27:32     -970.885037        0.0335
BFGS:   50 06:36:18     -970.885538        0.0305
BFGS:   51 06:47:54     -970.886274        0.0293
BFGS:   52 06:58:33     -970.886702        0.0283
BFGS:   53 07:09:13     -970.887098        0.0267
BFGS:   54 07:16:07     -970.887405        0.0229
BFGS:   55 07:27:42     -970.885478        0.0909
BFGS:   56 07:41:10     -970.887792        0.0275
BFGS:   57 07:51:50     -970.887135        0.0589
BFGS:   58 08:03:25     -970.888131        0.0411
BFGS:   59 08:09:24     -970.888229        0.0174
BFGS:   60 08:21:56     -970.887558        0.0972
BFGS:   61 08:32:34     -970.888480        0.0284
BFGS:   62 08:37:36     -970.888572        0.0276
BFGS:   63 08:46:23     -970.888589        0.0345
BFGS:   64 08:55:09     -970.888796        0.0176
BFGS:   65 09:03:55     -970.888889        0.0108
BFGS:   66 09:10:51     -970.888988        0.0197
BFGS:   67 09:20:33     -970.888940        0.0239
BFGS:   68 09:29:20     -970.889114        0.0134
BFGS:   69 09:34:21     -970.889158        0.0156
BFGS:   70 09:41:17     -970.889165        0.0143
BFGS:   71 09:47:14     -970.889231        0.0117
BFGS:   72 09:57:53     -970.889009        0.0484
BFGS:   73 10:05:43     -970.889307        0.0116
BFGS:   74 10:09:49     -970.889347        0.0193
BFGS:   75 10:17:40     -970.889368        0.0230
      Step     Time          Energy         fmax
BFGS:    0 10:17:40     -970.889368        0.0230
BFGS:    1 10:21:45     -970.889405        0.0179
BFGS:    2 10:32:25     -970.889100        0.1171
BFGS:    3 10:50:34     -970.889432        0.0161
BFGS:    4 10:56:32     -970.889448        0.0114
BFGS:    5 11:05:20     -970.889169        0.0715
BFGS:    6 11:13:11     -970.889468        0.0191
BFGS:    7 11:17:16     -970.889478        0.0100
BFGS:    8 11:22:18     -970.889353        0.0346
BFGS:    9 11:31:06     -970.888725        0.0900
BFGS:   10 11:38:56     -970.889358        0.0430
BFGS:   11 11:43:59     -970.889531        0.0277
BFGS:   12 12:03:02     -970.728963        1.2744
BFGS:   13 12:23:58     -970.887046        0.2647
BFGS:   14 12:34:37     -970.888552        0.0429
BFGS:   15 12:42:27     -970.888797        0.0350
BFGS:   16 12:49:22     -970.888965        0.0192
BFGS:   17 12:53:28     -970.889024        0.0188
BFGS:   18 13:06:54     -970.865774        0.2706
BFGS:   19 13:20:23     -970.889006        0.0259
BFGS:   20 13:25:25     -970.889058        0.0247
BFGS:   21 13:42:37     -970.709862        1.0042
BFGS:   22 14:00:45     -970.888740        0.0799
BFGS:   23 14:10:29     -970.888982        0.0310
BFGS:   24 14:14:35     -970.889060        0.0324
BFGS:   25 14:27:06     -970.887964        0.1672
BFGS:   26 14:39:39     -970.889102        0.0236
BFGS:   27 14:44:41     -970.889127        0.0286
BFGS:   28 15:04:44     -970.612954        3.2666
BFGS:   29 15:33:12     -970.889192        0.0242
BFGS:   30 15:38:14     -970.889223        0.0125
BFGS:   31 15:46:06     -970.889138        0.0635
BFGS:   32 15:51:08     -970.889242        0.0519
BFGS:   33 16:03:39     -970.885002        0.3447
BFGS:   34 16:15:14     -970.889198        0.0214
BFGS:   35 16:19:20     -970.889231        0.0230
BFGS:   36 16:24:22     -970.889217        0.0236
BFGS:   37 16:29:24     -970.889191        0.0321
BFGS:   38 16:33:30     -970.889210        0.0351
BFGS:   39 16:43:13     -970.889062        0.0658
BFGS:   40 16:50:08     -970.889255        0.0188
BFGS:   41 16:54:14     -970.889274        0.0146
BFGS:   42 16:58:20     -970.889272        0.0154
BFGS:   43 17:07:07     -970.888833        0.0478
BFGS:   44 17:14:57     -970.889240        0.0147
BFGS:   45 17:21:52     -970.889291        0.0172
BFGS:   46 17:25:58     -970.889292        0.0115
BFGS:   47 17:30:59     -970.889241        0.0135
BFGS:   48 17:35:05     -970.889242        0.0235
BFGS:   49 17:45:44     -970.888818        0.1442
BFGS:   50 17:56:23     -970.889263        0.0221
BFGS:   51 18:00:29     -970.889279        0.0170
BFGS:   52 18:16:43     -970.634454        3.5331
BFGS:   53 18:35:47     -970.889272        0.0200
BFGS:   54 18:40:49     -970.889283        0.0199
BFGS:   55 18:57:04     -970.861147        1.0727
BFGS:   56 19:10:30     -970.889273        0.0173
BFGS:   57 19:15:32     -970.889271        0.0268
BFGS:   58 19:19:38     -970.889266        0.0223
BFGS:   59 19:22:47     -970.889281        0.0301
BFGS:   60 19:40:00     -970.813948        0.8377
BFGS:   61 19:55:20     -970.889256        0.0254
BFGS:   62 20:04:06     -970.889250        0.0190
BFGS:   63 20:08:12     -970.889284        0.0237
BFGS:   64 20:19:47     -970.885542        0.2252
BFGS:   65 20:31:22     -970.889185        0.0417
BFGS:   66 20:36:24     -970.889253        0.0281
BFGS:   67 20:41:26     -970.889185        0.0555
BFGS:   68 20:46:27     -970.889208        0.0705
BFGS:   69 21:00:51     -970.883681        0.3945
BFGS:   70 21:13:23     -970.889258        0.0193
BFGS:   71 21:17:28     -970.889279        0.0216
BFGS:   72 21:26:16     -970.888935        0.0745
BFGS:   73 21:34:06     -970.889292        0.0253
BFGS:   74 21:38:12     -970.889306        0.0099
