      Step     Time          Energy         fmax
BFGS:    0 00:55:18     -955.842944        1.6529
BFGS:    1 01:11:46     -955.922219        0.9852
BFGS:    2 01:29:20     -955.993969        0.9552
BFGS:    3 01:46:53     -956.033477        0.8823
BFGS:    4 02:05:41     -956.074628        0.3163
BFGS:    5 02:18:42     -956.086404        0.1625
BFGS:    6 02:31:47     -956.099154        0.2992
BFGS:    7 02:44:46     -956.110013        0.3427
BFGS:    8 02:58:56     -956.122907        0.2553
BFGS:    9 03:13:14     -956.133054        0.1559
BFGS:   10 03:27:27     -956.143113        0.1993
BFGS:   11 03:40:26     -956.149688        0.1802
BFGS:   12 03:56:50     -956.162544        0.1847
BFGS:   13 04:09:49     -956.168197        0.1316
BFGS:   14 04:26:17     -956.175550        0.2049
BFGS:   15 04:39:15     -956.179275        0.1798
BFGS:   16 04:53:21     -956.184482        0.0774
BFGS:   17 05:05:11     -956.186323        0.0595
BFGS:   18 05:19:17     -956.189008        0.0754
BFGS:   19 05:32:20     -956.190118        0.0513
BFGS:   20 05:43:02     -956.191559        0.0407
BFGS:   21 05:53:44     -956.192614        0.0340
BFGS:   22 06:04:27     -956.193553        0.0306
BFGS:   23 06:14:01     -956.194028        0.0265
BFGS:   24 06:30:30     -956.193681        0.0521
BFGS:   25 06:43:39     -956.194850        0.0278
BFGS:   26 06:53:17     -956.195052        0.0210
BFGS:   27 07:01:43     -956.195291        0.0196
BFGS:   28 07:18:12     -956.194905        0.0344
BFGS:   29 07:31:09     -956.195756        0.0248
BFGS:   30 07:37:23     -956.195900        0.0268
BFGS:   31 07:59:32     -956.122088        0.4793
BFGS:   32 08:19:22     -956.196164        0.0197
BFGS:   33 08:30:04     -956.196199        0.0232
BFGS:   34 08:38:40     -956.196295        0.0173
BFGS:   35 08:47:05     -956.196401        0.0205
BFGS:   36 09:04:43     -956.186118        0.0790
BFGS:   37 09:23:22     -956.196500        0.0324
BFGS:   38 09:31:47     -956.196585        0.0151
BFGS:   39 09:40:16     -956.196631        0.0218
BFGS:   40 09:54:28     -956.190647        0.1950
BFGS:   41 10:08:35     -956.196455        0.0885
BFGS:   42 10:25:04     -956.196786        0.0296
BFGS:   43 10:31:13     -956.196840        0.0247
BFGS:   44 10:39:38     -956.196886        0.0260
BFGS:   45 10:44:39     -956.196918        0.0180
BFGS:   46 10:57:38     -956.196464        0.1489
BFGS:   47 11:11:51     -956.196933        0.0291
BFGS:   48 11:16:56     -956.196965        0.0168
BFGS:   49 11:28:46     -956.196707        0.1463
BFGS:   50 11:39:33     -956.196992        0.0243
BFGS:   51 11:44:34     -956.197015        0.0194
BFGS:   52 11:55:16     -956.196606        0.1697
BFGS:   53 12:06:04     -956.197027        0.0209
BFGS:   54 12:12:18     -956.197048        0.0239
BFGS:   55 12:35:30     -956.104026        1.9321
BFGS:   56 12:57:34     -956.196377        0.0548
BFGS:   57 13:10:37     -956.196707        0.0806
BFGS:   58 13:19:07     -956.196821        0.0843
BFGS:   59 13:32:05     -956.196519        0.0995
BFGS:   60 13:45:03     -956.196953        0.0594
BFGS:   61 13:50:08     -956.196995        0.0564
BFGS:   62 14:04:15     -956.197007        0.0529
BFGS:   63 14:13:49     -956.197102        0.0185
BFGS:   64 14:18:49     -956.197136        0.0179
BFGS:   65 14:27:14     -956.197099        0.0669
BFGS:   66 14:32:14     -956.197173        0.0544
BFGS:   67 14:45:14     -956.193778        0.3302
BFGS:   68 14:58:17     -956.197142        0.0273
BFGS:   69 15:04:25     -956.197197        0.0340
BFGS:   70 15:18:35     -956.193439        0.3737
BFGS:   71 15:36:11     -956.197046        0.1121
BFGS:   72 15:45:51     -956.197168        0.0346
BFGS:   73 15:50:51     -956.197187        0.0266
BFGS:   74 16:15:23     -956.169292        0.7709
BFGS:   75 16:34:03     -956.197210        0.0229
BFGS:   76 16:43:36     -956.197164        0.0377
BFGS:   77 16:48:36     -956.197213        0.0304
BFGS:   78 16:57:06     -956.197204        0.0193
BFGS:   79 17:03:20     -956.197228        0.0250
BFGS:   80 17:09:34     -956.197211        0.0401
BFGS:   81 17:16:50     -956.197173        0.0532
BFGS:   82 17:21:49     -956.197210        0.0393
BFGS:   83 17:35:56     -956.196934        0.0793
BFGS:   84 17:45:30     -956.197241        0.0211
BFGS:   85 17:51:43     -956.197253        0.0182
BFGS:   86 18:01:16     -956.197076        0.0601
BFGS:   87 18:10:49     -956.197247        0.0244
BFGS:   88 18:16:57     -956.197262        0.0216
BFGS:   89 18:22:03     -956.197250        0.0142
BFGS:   90 18:27:02     -956.197233        0.0192
BFGS:   91 18:32:02     -956.197229        0.0162
BFGS:   92 18:39:19     -956.197215        0.0220
BFGS:   93 18:44:24     -956.197236        0.0245
BFGS:   94 18:56:16     -956.196260        0.0929
BFGS:   95 19:08:05     -956.197244        0.0235
BFGS:   96 19:13:06     -956.197257        0.0195
BFGS:   97 19:19:15     -956.197197        0.0128
BFGS:   98 19:30:03     -956.195994        0.1003
BFGS:   99 19:40:49     -956.197143        0.0302
      Step     Time          Energy         fmax
BFGS:    0 19:46:58     -956.197268        0.0485
BFGS:    1 19:53:06     -956.197261        0.0210
BFGS:    2 19:58:06     -956.197269        0.0196
BFGS:    3 20:08:53     -956.197189        0.0715
BFGS:    4 20:17:18     -956.197279        0.0162
BFGS:    5 20:23:26     -956.197285        0.0127
BFGS:    6 20:36:25     -956.195486        0.1536
BFGS:    7 20:49:28     -956.197258        0.0224
BFGS:    8 20:54:28     -956.197302        0.0285
BFGS:    9 21:02:53     -956.197137        0.0442
BFGS:   10 21:09:01     -956.197278        0.0569
BFGS:   11 21:22:05     -956.197174        0.0427
BFGS:   12 21:28:19     -956.197285        0.0524
BFGS:   13 21:37:52     -956.197240        0.0250
BFGS:   14 21:45:09     -956.197287        0.0413
BFGS:   15 21:59:14     -956.194704        0.2955
BFGS:   16 22:14:29     -956.197271        0.0215
BFGS:   17 22:19:28     -956.197284        0.0225
BFGS:   18 22:34:41     -956.195858        0.2731
BFGS:   19 22:47:40     -956.197303        0.0111
BFGS:   20 22:54:57     -956.197307        0.0103
BFGS:   21 23:01:04     -956.197262        0.0255
BFGS:   22 23:10:37     -956.197252        0.0390
BFGS:   23 23:27:06     -956.196906        0.1233
BFGS:   24 23:40:04     -956.197301        0.0126
BFGS:   25 23:46:23     -956.197307        0.0157
BFGS:   26 00:02:51     -956.133114        0.7164
BFGS:   27 00:22:43     -956.197324        0.0104
BFGS:   28 00:27:43     -956.197319        0.0101
BFGS:   29 00:37:16     -956.196867        0.0601
BFGS:   30 00:47:59     -956.197298        0.0129
BFGS:   31 00:52:59     -956.197324        0.0229
BFGS:   32 00:57:59     -956.197317        0.0157
BFGS:   33 01:07:37     -956.197191        0.0271
BFGS:   34 01:13:50     -956.197292        0.0388
BFGS:   35 01:24:31     -956.197258        0.0210
BFGS:   36 01:29:31     -956.197324        0.0322
BFGS:   37 01:39:04     -956.197202        0.0276
BFGS:   38 01:47:35     -956.197314        0.0146
BFGS:   39 01:53:43     -956.197331        0.0203
BFGS:   40 02:03:16     -956.197105        0.0351
BFGS:   41 02:11:41     -956.197281        0.0215
BFGS:   42 02:21:14     -956.197315        0.0104
BFGS:   43 02:26:14     -956.197335        0.0188
BFGS:   44 02:32:22     -956.197299        0.0082
