      Step     Time          Energy         fmax
BFGS:    0 23:36:40     -889.325429        1.1246
BFGS:    1 23:48:22     -889.517012        0.8443
BFGS:    2 00:01:24     -889.706280        0.4879
BFGS:    3 00:12:25     -889.757845        0.4105
BFGS:    4 00:23:27     -889.794558        0.3188
BFGS:    5 00:33:08     -889.820189        0.3007
BFGS:    6 00:43:31     -889.849244        0.2541
BFGS:    7 00:54:33     -889.884666        0.3224
BFGS:    8 01:04:56     -889.912905        0.3359
BFGS:    9 01:14:39     -889.943262        0.2919
BFGS:   10 01:25:01     -889.975383        0.2372
BFGS:   11 01:36:04     -889.991454        0.2484
BFGS:   12 01:45:46     -890.010970        0.1819
BFGS:   13 01:55:28     -890.026582        0.2244
BFGS:   14 02:05:10     -890.037255        0.2217
BFGS:   15 02:13:33     -890.051489        0.1435
BFGS:   16 02:23:16     -890.061925        0.1323
BFGS:   17 02:31:37     -890.069193        0.1380
BFGS:   18 02:41:20     -890.077247        0.1602
BFGS:   19 02:50:22     -890.080461        0.1167
BFGS:   20 02:58:05     -890.083827        0.1076
BFGS:   21 03:05:48     -890.087923        0.0872
BFGS:   22 03:13:32     -890.091757        0.0845
BFGS:   23 03:21:55     -890.096246        0.0836
BFGS:   24 03:30:19     -890.099811        0.0694
BFGS:   25 03:38:02     -890.101991        0.0633
BFGS:   26 03:47:45     -890.103418        0.0650
BFGS:   27 03:55:29     -890.103820        0.0598
BFGS:   28 04:05:51     -890.101019        0.1079
BFGS:   29 04:11:35     -890.102691        0.0925
BFGS:   30 04:18:39     -890.103573        0.0592
BFGS:   31 04:26:23     -890.103410        0.0537
BFGS:   32 04:35:25     -890.102628        0.0555
BFGS:   33 04:41:09     -890.102976        0.0526
BFGS:   34 04:52:50     -890.097733        0.1000
BFGS:   35 05:01:14     -890.101412        0.0614
BFGS:   36 05:07:38     -890.101845        0.0451
BFGS:   37 05:15:21     -890.102084        0.0397
BFGS:   38 05:21:05     -890.102494        0.0311
BFGS:   39 05:28:48     -890.102290        0.0317
BFGS:   40 05:35:53     -890.102428        0.0359
BFGS:   41 05:44:15     -890.101621        0.0366
BFGS:   42 05:51:18     -890.102920        0.0368
BFGS:   43 05:57:02     -890.103928        0.0243
BFGS:   44 06:03:27     -890.104953        0.0293
BFGS:   45 06:09:50     -890.105503        0.0290
BFGS:   46 06:15:35     -890.105865        0.0259
BFGS:   47 06:25:57     -890.105817        0.0888
BFGS:   48 06:34:59     -890.106973        0.0408
BFGS:   49 06:41:24     -890.106730        0.0323
BFGS:   50 06:45:49     -890.106699        0.0301
BFGS:   51 06:56:11     -890.095812        0.2110
BFGS:   52 07:05:54     -890.106895        0.0454
BFGS:   53 07:12:57     -890.106957        0.0297
BFGS:   54 07:18:42     -890.107178        0.0329
BFGS:   55 07:27:05     -890.107407        0.0501
BFGS:   56 07:34:49     -890.107781        0.0535
BFGS:   57 07:41:53     -890.109210        0.0539
BFGS:   58 07:48:57     -890.111493        0.0691
BFGS:   59 07:54:42     -890.111907        0.0353
BFGS:   60 08:01:46     -890.112303        0.0523
BFGS:   61 08:10:09     -890.112101        0.0780
BFGS:   62 08:15:14     -890.112659        0.0410
BFGS:   63 08:25:36     -890.110745        0.3100
BFGS:   64 08:35:59     -890.114134        0.0487
BFGS:   65 08:41:03     -890.114493        0.0436
BFGS:   66 08:50:07     -890.112861        0.2178
BFGS:   67 08:58:30     -890.115227        0.0474
BFGS:   68 09:04:14     -890.115419        0.0405
BFGS:   69 09:10:38     -890.115423        0.0425
BFGS:   70 09:18:22     -890.115206        0.0469
BFGS:   71 09:27:24     -890.113579        0.1088
BFGS:   72 09:33:09     -890.113900        0.0621
BFGS:   73 09:40:13     -890.115023        0.0429
BFGS:   74 09:48:36     -890.114580        0.0866
BFGS:   75 09:56:20     -890.114470        0.1149
BFGS:   76 10:03:24     -890.116088        0.0675
BFGS:   77 10:10:27     -890.117284        0.0684
BFGS:   78 10:16:52     -890.118684        0.0711
BFGS:   79 10:25:15     -890.120269        0.0915
BFGS:   80 10:34:18     -890.120980        0.2025
BFGS:   81 10:42:02     -890.122312        0.0977
BFGS:   82 10:49:06     -890.122053        0.1657
BFGS:   83 10:54:50     -890.122454        0.0721
BFGS:   84 11:02:33     -890.122106        0.2961
BFGS:   85 11:08:58     -890.123303        0.0910
BFGS:   86 11:17:21     -890.122709        0.2340
BFGS:   87 11:24:24     -890.123773        0.0709
BFGS:   88 11:32:48     -890.123390        0.2678
BFGS:   89 11:39:52     -890.124144        0.0978
BFGS:   90 11:48:55     -890.123801        0.2056
BFGS:   91 11:54:39     -890.124358        0.0855
BFGS:   92 12:03:02     -890.123275        0.3079
BFGS:   93 12:10:46     -890.124382        0.0379
BFGS:   94 12:16:30     -890.124594        0.0538
BFGS:   95 12:20:55     -890.124901        0.0358
BFGS:   96 12:27:59     -890.125282        0.1777
BFGS:   97 12:33:44     -890.125167        0.0418
BFGS:   98 12:37:30     -890.125180        0.0401
BFGS:   99 12:47:52     -890.117099        0.5195
      Step     Time          Energy         fmax
BFGS:    0 12:57:34     -890.124821        0.2323
BFGS:    1 13:04:38     -890.125799        0.1243
BFGS:    2 13:09:04     -890.126151        0.0262
BFGS:    3 13:13:29     -890.126054        0.0245
BFGS:    4 13:19:14     -890.125691        0.0719
BFGS:    5 13:22:20     -890.125894        0.0707
BFGS:    6 13:34:01     -890.072596        1.2378
BFGS:    7 13:45:04     -890.126031        0.0387
BFGS:    8 13:48:09     -890.126048        0.0572
BFGS:    9 13:57:51     -890.105328        0.8091
BFGS:   10 14:07:34     -890.125919        0.0397
BFGS:   11 14:12:00     -890.125992        0.0219
BFGS:   12 14:16:25     -890.126071        0.0273
BFGS:   13 14:22:49     -890.125932        0.0381
BFGS:   14 14:27:54     -890.126109        0.0204
BFGS:   15 14:30:18     -890.126134        0.0286
BFGS:   16 14:40:01     -890.100061        1.5072
BFGS:   17 14:49:44     -890.125898        0.0795
BFGS:   18 14:55:28     -890.126045        0.0275
BFGS:   19 14:58:34     -890.126110        0.0260
BFGS:   20 15:04:58     -890.125649        0.1612
BFGS:   21 15:12:41     -890.126319        0.0278
BFGS:   22 15:15:46     -890.126314        0.0238
BFGS:   23 15:26:48     -890.055613        1.4617
BFGS:   24 15:38:31     -890.126538        0.0214
BFGS:   25 15:42:56     -890.126455        0.0264
BFGS:   26 15:48:40     -890.126649        0.0364
BFGS:   27 15:53:05     -890.126774        0.0205
BFGS:   28 15:58:10     -890.126604        0.0170
